<?xml version="1.0" encoding="UTF-8"?>
<!-- Generated by org.testng.reporters.JUnitXMLReporter -->
<testsuite ignored="3" hostname="DESKTOP-O14Q2O8" failures="0" tests="0" time="11.797" errors="0" timestamp="16 Jun 2019 14:17:01 GMT">
  <testcase classname="testautomationpractice.testautomationpracticeDemo" name="m14" time="0.0">
    <ignored/>
  </testcase> <!-- m14 -->
  <testcase classname="testautomationpractice.testautomationpracticeDemo" name="m13" time="0.0">
    <ignored/>
  </testcase> <!-- m13 -->
  <testcase classname="testautomationpractice.testautomationpracticeDemo" name="m10" time="0.0">
    <ignored/>
  </testcase> <!-- m10 -->
</testsuite>
