<?xml version="1.0" encoding="UTF-8"?>
<!-- Generated by org.testng.reporters.JUnitXMLReporter -->
<testsuite ignored="0" hostname="DESKTOP-O14Q2O8" failures="0" tests="3" name="FirstTest" time="26.782" errors="0" timestamp="16 Jun 2019 17:52:10 GMT">
  <testcase classname="testautomationpractice.testautomationpracticeDemo" name="m10" time="0.005"/>
  <testcase classname="testautomationpractice.testautomationpracticeDemo" name="m13" time="0.005"/>
  <testcase classname="testautomationpractice.testautomationpracticeDemo" name="m14" time="0.004"/>
</testsuite> <!-- FirstTest -->
