<?xml version="1.0" encoding="UTF-8"?>
<!-- Generated by org.testng.reporters.JUnitXMLReporter -->
<testsuite ignored="9" hostname="DESKTOP-O14Q2O8" failures="0" tests="9" name="Test" time="0.077" errors="0" timestamp="08 Jun 2019 03:27:45 GMT">
  <testcase classname="TestDemoFirst.ClassA" name="m5" time="0.012"/>
  <testcase classname="TestDemoFirst.ClassA" name="m2" time="0.002"/>
  <testcase classname="TestDemoFirst.ClassA" name="m3" time="0.001"/>
  <testcase classname="TestDemoFirst.ClassA" name="m4" time="0.003"/>
  <testcase classname="TestDemoFirst.ClassB" name="m2" time="0.002"/>
  <testcase classname="TestDemoFirst.ClassB" name="m4" time="0.002"/>
  <testcase classname="TestDemoFirst.ClassB" name="m5" time="0.003"/>
  <testcase classname="TestDemoFirst.ClassC" name="m2" time="0.001"/>
  <testcase classname="TestDemoFirst.ClassC" name="m5" time="0.002"/>
  <testcase classname="TestDemoFirst.ClassA" name="m43" time="0.0">
    <ignored/>
  </testcase> <!-- m43 -->
  <testcase classname="TestDemoFirst.ClassA" name="m41" time="0.0">
    <ignored/>
  </testcase> <!-- m41 -->
  <testcase classname="TestDemoFirst.ClassA" name="m1" time="0.0">
    <ignored/>
  </testcase> <!-- m1 -->
  <testcase classname="TestDemoFirst.ClassA" name="m42" time="0.0">
    <ignored/>
  </testcase> <!-- m42 -->
  <testcase classname="TestDemoFirst.ClassC" name="m3" time="0.0">
    <ignored/>
  </testcase> <!-- m3 -->
  <testcase classname="TestDemoFirst.ClassB" name="m1" time="0.0">
    <ignored/>
  </testcase> <!-- m1 -->
  <testcase classname="TestDemoFirst.ClassC" name="m4" time="0.0">
    <ignored/>
  </testcase> <!-- m4 -->
  <testcase classname="TestDemoFirst.ClassC" name="m1" time="0.0">
    <ignored/>
  </testcase> <!-- m1 -->
  <testcase classname="TestDemoFirst.ClassB" name="m3" time="0.0">
    <ignored/>
  </testcase> <!-- m3 -->
</testsuite> <!-- Test -->
