<?xml version="1.0" encoding="UTF-8"?>
<!-- Generated by org.testng.reporters.JUnitXMLReporter -->
<testsuite ignored="3" hostname="DESKTOP-O14Q2O8" failures="0" tests="3" name="Test" time="0.079" errors="0" timestamp="28 Jul 2019 06:24:00 GMT">
  <testcase classname="TestDemoFirst.C" name="m3" time="0.027"/>
  <testcase classname="TestDemoFirst.C" name="m5" time="0.003"/>
  <testcase classname="TestDemoFirst.D" name="m13" time="0.006"/>
  <testcase classname="TestDemoFirst.D" name="m1" time="0.0">
    <ignored/>
  </testcase> <!-- m1 -->
  <testcase classname="TestDemoFirst.D" name="m14" time="0.0">
    <ignored/>
  </testcase> <!-- m14 -->
  <testcase classname="TestDemoFirst.C" name="m7" time="0.0">
    <ignored/>
  </testcase> <!-- m7 -->
</testsuite> <!-- Test -->
