<?xml version="1.0" encoding="UTF-8"?>
<!-- Generated by org.testng.reporters.JUnitXMLReporter -->
<testsuite ignored="0" hostname="DESKTOP-O14Q2O8" failures="0" tests="3" name="TestTwice" time="25.546" errors="0" timestamp="16 Jun 2019 14:20:48 GMT">
  <testcase classname="testautomationpractice.testautomationpracticeDemo" name="m10" time="0.004"/>
  <testcase classname="testautomationpractice.testautomationpracticeDemo" name="m13" time="0.008"/>
  <testcase classname="testautomationpractice.testautomationpracticeDemo" name="m14" time="0.004"/>
</testsuite> <!-- TestTwice -->
