<?xml version="1.0" encoding="UTF-8"?>
<!-- Generated by org.testng.reporters.JUnitXMLReporter -->
<testsuite ignored="2" hostname="DESKTOP-O14Q2O8" failures="1" tests="1" name="Default test(failed)(failed)" time="0.034" errors="0" timestamp="02 Jun 2019 03:18:57 GMT">
  <testcase classname="TestDemoFirst.PriorityDemo" name="m9" time="0.008">
    <failure type="java.lang.ArithmeticException">
      <![CDATA[java.lang.ArithmeticException
at TestDemoFirst.PriorityDemo.m9(PriorityDemo.java:15)
... Removed 25 stack frames]]>
    </failure>
  </testcase> <!-- m9 -->
  <testcase classname="TestDemoFirst.PriorityDemo" name="m0" time="0.0">
    <ignored/>
  </testcase> <!-- m0 -->
  <testcase classname="TestDemoFirst.PriorityDemo" name="m1" time="0.0">
    <ignored/>
  </testcase> <!-- m1 -->
</testsuite> <!-- Default test(failed)(failed) -->
